<?xml version="1.0" encoding="UTF-8"?>
<!-- Generated by org.testng.reporters.JUnitXMLReporter -->
<testsuite ignored="1" hostname="Guillermo" failures="0" tests="1" name="NegativePasswordTest" time="11.863" errors="0" timestamp="15 mar. 2020 08:58:01 GMT">
  <testcase classname="com.herokuapp.theinternet.LoginTests" name="NegativeLoginTest" time="1.907"/>
  <testcase classname="com.herokuapp.theinternet.LoginTests" name="positiveLoginTest" time="0.0">
    <ignored/>
  </testcase> <!-- positiveLoginTest -->
</testsuite> <!-- NegativePasswordTest -->
