<?xml version="1.0" encoding="UTF-8"?>
<!-- Generated by org.testng.reporters.JUnitXMLReporter -->
<testsuite ignored="1" hostname="Guillermo" failures="0" tests="1" name="NegativeTest" time="14.172" errors="0" timestamp="15 mar. 2020 07:51:39 GMT">
  <testcase classname="com.herokuapp.theinternet.NegativeTest" name="IncorrectUsername" time="14.141"/>
  <testcase classname="com.herokuapp.theinternet.NegativeTest" name="IncorrectPassword" time="0.0">
    <ignored/>
  </testcase> <!-- IncorrectPassword -->
</testsuite> <!-- NegativeTest -->
