<?xml version="1.0" encoding="UTF-8"?>
<!-- Generated by org.testng.reporters.JUnitXMLReporter -->
<testsuite ignored="1" hostname="Guillermo" failures="0" tests="1" name="PositiveTests" time="12.152" errors="0" timestamp="15 mar. 2020 08:57:37 GMT">
  <testcase classname="com.herokuapp.theinternet.LoginTests" name="positiveLoginTest" time="1.814"/>
  <testcase classname="com.herokuapp.theinternet.LoginTests" name="NegativeLoginTest" time="0.0">
    <ignored/>
  </testcase> <!-- NegativeLoginTest -->
</testsuite> <!-- PositiveTests -->
