<?xml version="1.0" encoding="UTF-8"?>
<testng-results ignored="0" total="2" passed="2" failed="0" skipped="0">
  <reporter-output>
  </reporter-output>
  <suite started-at="2020-03-12T22:38:53Z" name="Surefire suite" finished-at="2020-03-12T22:39:22Z" duration-ms="28409">
    <groups>
    </groups>
    <test started-at="2020-03-12T22:38:53Z" name="Surefire test" finished-at="2020-03-12T22:39:22Z" duration-ms="28409">
      <class name="com.herokuapp.theinternet.NegativeTest">
        <test-method signature="IncorrectPassword()[pri:0, instance:com.herokuapp.theinternet.NegativeTest@498d318c]" started-at="2020-03-12T22:38:54Z" name="IncorrectPassword" finished-at="2020-03-12T22:39:07Z" duration-ms="13364" status="PASS">
          <reporter-output>
          </reporter-output>
        </test-method> <!-- IncorrectPassword -->
        <test-method signature="IncorrectUsername()[pri:0, instance:com.herokuapp.theinternet.NegativeTest@498d318c]" started-at="2020-03-12T22:39:07Z" name="IncorrectUsername" finished-at="2020-03-12T22:39:22Z" duration-ms="15022" status="PASS">
          <reporter-output>
          </reporter-output>
        </test-method> <!-- IncorrectUsername -->
      </class> <!-- com.herokuapp.theinternet.NegativeTest -->
    </test> <!-- Surefire test -->
  </suite> <!-- Surefire suite -->
</testng-results>
