<?xml version="1.0" encoding="UTF-8"?>
<testng-results ignored="4" total="5" passed="1" failed="0" skipped="0">
  <reporter-output>
  </reporter-output>
  <suite started-at="2020-03-16T07:34:13Z" name="Exceptions Tests Suite" finished-at="2020-03-16T07:34:28Z" duration-ms="15222">
    <groups>
    </groups>
    <test started-at="2020-03-16T07:34:13Z" name="Exceptions Test" finished-at="2020-03-16T07:34:28Z" duration-ms="15222">
      <class name="com.herokuapp.theinternet.ExceptionsTests">
        <test-method is-config="true" signature="setUp(java.lang.String)[pri:0, instance:com.herokuapp.theinternet.ExceptionsTests@1dac5ef]" started-at="2020-03-16T07:34:13Z" name="setUp" finished-at="2020-03-16T07:34:23Z" duration-ms="9787" status="PASS">
          <params>
            <param index="0">
              <value>
                <![CDATA[chrome]]>
              </value>
            </param>
          </params>
          <reporter-output>
          </reporter-output>
        </test-method> <!-- setUp -->
        <test-method signature="disabledElementTest()[pri:0, instance:com.herokuapp.theinternet.ExceptionsTests@1dac5ef]" started-at="2020-03-16T07:34:23Z" name="disabledElementTest" finished-at="2020-03-16T07:34:28Z" duration-ms="4764" status="PASS">
          <reporter-output>
          </reporter-output>
        </test-method> <!-- disabledElementTest -->
        <test-method is-config="true" signature="tearDown()[pri:0, instance:com.herokuapp.theinternet.ExceptionsTests@1dac5ef]" started-at="2020-03-16T07:34:28Z" name="tearDown" finished-at="2020-03-16T07:34:28Z" duration-ms="643" status="PASS">
          <reporter-output>
          </reporter-output>
        </test-method> <!-- tearDown -->
      </class> <!-- com.herokuapp.theinternet.ExceptionsTests -->
    </test> <!-- Exceptions Test -->
  </suite> <!-- Exceptions Tests Suite -->
</testng-results>
