<?xml version="1.0" encoding="UTF-8"?>
<!-- Generated by org.testng.reporters.JUnitXMLReporter -->
<testsuite ignored="4" hostname="Guillermo" failures="0" tests="1" name="Exceptions Test" time="15.222" errors="0" timestamp="16 mar. 2020 07:34:28 GMT">
  <testcase classname="com.herokuapp.theinternet.ExceptionsTests" name="disabledElementTest" time="4.764"/>
  <testcase classname="com.herokuapp.theinternet.ExceptionsTests" name="timeoutTest" time="0.0">
    <ignored/>
  </testcase> <!-- timeoutTest -->
  <testcase classname="com.herokuapp.theinternet.ExceptionsTests" name="notVisibleTest" time="0.0">
    <ignored/>
  </testcase> <!-- notVisibleTest -->
  <testcase classname="com.herokuapp.theinternet.ExceptionsTests" name="noSuchElementTest" time="0.0">
    <ignored/>
  </testcase> <!-- noSuchElementTest -->
  <testcase classname="com.herokuapp.theinternet.ExceptionsTests" name="staleElementTest" time="0.0">
    <ignored/>
  </testcase> <!-- staleElementTest -->
</testsuite> <!-- Exceptions Test -->
